[debug] [2025-06-06T03:02:42.099Z] ----------------------------------------------------------------------
[debug] [2025-06-06T03:02:42.101Z] Command:       C:\Program Files\nodejs\node.exe C:\Users\PC\AppData\Roaming\npm\node_modules\firebase-tools\lib\bin\firebase.js init hosting
[debug] [2025-06-06T03:02:42.101Z] CLI Version:   14.6.0
[debug] [2025-06-06T03:02:42.101Z] Platform:      win32
[debug] [2025-06-06T03:02:42.101Z] Node Version:  v22.16.0
[debug] [2025-06-06T03:02:42.102Z] Time:          Thu Jun 05 2025 23:02:42 GMT-0400 (Eastern Daylight Time)
[debug] [2025-06-06T03:02:42.102Z] ----------------------------------------------------------------------
[debug] 
[debug] [2025-06-06T03:02:42.105Z] > command requires scopes: ["email","openid","https://www.googleapis.com/auth/cloudplatformprojects.readonly","https://www.googleapis.com/auth/firebase","https://www.googleapis.com/auth/cloud-platform"]
[debug] [2025-06-06T03:02:42.106Z] > authorizing via signed-in user (superdupershaun@gmail.com)
[info] 
     ######## #### ########  ######## ########     ###     ######  ########
     ##        ##  ##     ## ##       ##     ##  ##   ##  ##       ##
     ######    ##  ########  ######   ########  #########  ######  ######
     ##        ##  ##    ##  ##       ##     ## ##     ##       ## ##
     ##       #### ##     ## ######## ########  ##     ##  ######  ########

You're about to initialize a Firebase project in this directory:

  C:\checkin

Before we get started, keep in mind:

  * You are currently outside your home directory

[info] 
=== Project Setup
[info] 
[info] First, let's associate this project directory with a Firebase project.
[info] You can create multiple project aliases by running firebase use --add, 
[info] but for now we'll just set up a default project.
[info] 
[debug] [2025-06-06T03:03:04.012Z] Checked if tokens are valid: false, expires at: 1749161818714
[debug] [2025-06-06T03:03:04.013Z] Checked if tokens are valid: false, expires at: 1749161818714
[debug] [2025-06-06T03:03:04.013Z] > refreshing access token with scopes: []
[debug] [2025-06-06T03:03:04.014Z] >>> [apiv2][query] POST https://www.googleapis.com/oauth2/v3/token [none]
[debug] [2025-06-06T03:03:04.014Z] >>> [apiv2][body] POST https://www.googleapis.com/oauth2/v3/token [omitted]
[debug] [2025-06-06T03:03:04.190Z] <<< [apiv2][status] POST https://www.googleapis.com/oauth2/v3/token 200
[debug] [2025-06-06T03:03:04.190Z] <<< [apiv2][body] POST https://www.googleapis.com/oauth2/v3/token [omitted]
[debug] [2025-06-06T03:03:04.199Z] >>> [apiv2][query] GET https://firebase.googleapis.com/v1beta1/projects pageSize=100
[debug] [2025-06-06T03:03:04.531Z] <<< [apiv2][status] GET https://firebase.googleapis.com/v1beta1/projects 200
[debug] [2025-06-06T03:03:04.531Z] <<< [apiv2][body] GET https://firebase.googleapis.com/v1beta1/projects [omitted]
[info] i  Using project gym-check-in-d1bf5 (Gym Check In ) 
[info] 
=== Hosting Setup
[debug] [2025-06-06T03:03:18.437Z] Checked if tokens are valid: true, expires at: 1749182583190
[debug] [2025-06-06T03:03:18.437Z] Checked if tokens are valid: true, expires at: 1749182583190
[debug] [2025-06-06T03:03:18.437Z] >>> [apiv2][query] GET https://firebase.googleapis.com/v1beta1/projects/gym-check-in-d1bf5 [none]
[debug] [2025-06-06T03:03:18.734Z] <<< [apiv2][status] GET https://firebase.googleapis.com/v1beta1/projects/gym-check-in-d1bf5 200
[debug] [2025-06-06T03:03:18.734Z] <<< [apiv2][body] GET https://firebase.googleapis.com/v1beta1/projects/gym-check-in-d1bf5 {"projectId":"gym-check-in-d1bf5","projectNumber":"667813844333","displayName":"Gym Check In ","name":"projects/gym-check-in-d1bf5","resources":{"hostingSite":"gym-check-in-d1bf5"},"state":"ACTIVE","etag":"1_00fd87d2-aaef-4757-bbc9-b239e3795453"}
[info] 
[info] Your public directory is the folder (relative to your project directory) that
[info] will contain Hosting assets to be uploaded with firebase deploy. If you
[info] have a build process for your assets, use your build's output directory.
[info] 
[debug] [2025-06-06T03:03:46.356Z] >>> [apiv2][query] GET https://www.gstatic.com/firebasejs/releases.json [none]
[debug] [2025-06-06T03:03:46.469Z] <<< [apiv2][status] GET https://www.gstatic.com/firebasejs/releases.json 200
[debug] [2025-06-06T03:03:46.470Z] <<< [apiv2][body] GET https://www.gstatic.com/firebasejs/releases.json {"current":{"version":"11.9.0","browserURL":"https://www.gstatic.com/firebasejs/11.9.0/firebase.js","packageURL":"https://www.gstatic.com/firebasejs/11.9.0/firebase.tgz"},"live":{"version":"11.9","browserURL":"https://www.gstatic.com/firebasejs/live/11.9/firebase.js","packageURL":"https://www.gstatic.com/firebasejs/live/11.9/firebase.tgz"},"components":{"ai":"https://www.gstatic.com/firebasejs/11.9.0/firebase-ai.js","analytics":"https://www.gstatic.com/firebasejs/11.9.0/firebase-analytics.js","app":"https://www.gstatic.com/firebasejs/11.9.0/firebase-app.js","app-check":"https://www.gstatic.com/firebasejs/11.9.0/firebase-app-check.js","auth":"https://www.gstatic.com/firebasejs/11.9.0/firebase-auth.js","auth/cordova":"https://www.gstatic.com/firebasejs/11.9.0/firebase-auth/cordova.js","auth/web-extension":"https://www.gstatic.com/firebasejs/11.9.0/firebase-auth/web-extension.js","functions":"https://www.gstatic.com/firebasejs/11.9.0/firebase-functions.js","firestore":"https://www.gstatic.com/firebasejs/11.9.0/firebase-firestore.js","firestore/lite":"https://www.gstatic.com/firebasejs/11.9.0/firebase-firestore/lite.js","installations":"https://www.gstatic.com/firebasejs/11.9.0/firebase-installations.js","storage":"https://www.gstatic.com/firebasejs/11.9.0/firebase-storage.js","performance":"https://www.gstatic.com/firebasejs/11.9.0/firebase-performance.js","remote-config":"https://www.gstatic.com/firebasejs/11.9.0/firebase-remote-config.js","messaging":"https://www.gstatic.com/firebasejs/11.9.0/firebase-messaging.js","messaging/sw":"https://www.gstatic.com/firebasejs/11.9.0/firebase-messaging/sw.js","database":"https://www.gstatic.com/firebasejs/11.9.0/firebase-database.js","vertexai":"https://www.gstatic.com/firebasejs/11.9.0/firebase-vertexai.js","data-connect":"https://www.gstatic.com/firebasejs/11.9.0/firebase-data-connect.js","firestore.memory":"https://www.gstatic.com/firebasejs/11.9.0/firebase-firestore.memory.js"}}
[info] +  Wrote build/index.html 
[info] 
[info] i  Didn't detect a .git folder. Assuming C:\checkin is the project root. 
[info] i  Authorizing with GitHub to upload your service account to a GitHub repository's secrets store. 
[info] 
[info] Visit this URL on this device to log in:
[info] https://github.com/login/oauth/authorize?client_id=89cf50f02ac6aaed3484&state=212978996&redirect_uri=http%3A%2F%2Flocalhost%3A9005&scope=read%3Auser%20repo%20public_repo
[info] 
[info] Waiting for authentication...
[debug] [2025-06-06T03:04:18.653Z] >>> [apiv2][query] POST https://github.com/login/oauth/access_token [none]
[debug] [2025-06-06T03:04:18.653Z] >>> [apiv2][body] POST https://github.com/login/oauth/access_token [stream]
[debug] [2025-06-06T03:04:19.102Z] <<< [apiv2][status] POST https://github.com/login/oauth/access_token 200
[debug] [2025-06-06T03:04:19.102Z] <<< [apiv2][body] POST https://github.com/login/oauth/access_token {"access_token":"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","token_type":"bearer","scope":"read:user,repo"}
[debug] [2025-06-06T03:04:19.104Z] >>> [apiv2][query] GET https://api.github.com/user [none]
[debug] [2025-06-06T03:04:20.434Z] <<< [apiv2][status] GET https://api.github.com/user 200
[debug] [2025-06-06T03:04:20.434Z] <<< [apiv2][body] GET https://api.github.com/user {"login":"superdupershaun","id":214822312,"node_id":"U_kgDODM3tqA","avatar_url":"https://avatars.githubusercontent.com/u/214822312?v=4","gravatar_id":"","url":"https://api.github.com/users/superdupershaun","html_url":"https://github.com/superdupershaun","followers_url":"https://api.github.com/users/superdupershaun/followers","following_url":"https://api.github.com/users/superdupershaun/following{/other_user}","gists_url":"https://api.github.com/users/superdupershaun/gists{/gist_id}","starred_url":"https://api.github.com/users/superdupershaun/starred{/owner}{/repo}","subscriptions_url":"https://api.github.com/users/superdupershaun/subscriptions","organizations_url":"https://api.github.com/users/superdupershaun/orgs","repos_url":"https://api.github.com/users/superdupershaun/repos","events_url":"https://api.github.com/users/superdupershaun/events{/privacy}","received_events_url":"https://api.github.com/users/superdupershaun/received_events","type":"User","user_view_type":"private","site_admin":false,"name":null,"company":null,"blog":"","location":null,"email":null,"hireable":null,"bio":null,"twitter_username":null,"notification_email":null,"public_repos":2,"public_gists":0,"followers":0,"following":0,"created_at":"2025-06-04T11:35:28Z","updated_at":"2025-06-04T20:22:03Z","private_gists":0,"total_private_repos":0,"owned_private_repos":0,"disk_usage":347,"collaborators":0,"two_factor_authentication":false,"plan":{"name":"free","space":976562499,"collaborators":0,"private_repos":10000}}
[info] 
[info] +  Success! Logged into GitHub as superdupershaun 
[info] 
[debug] [2025-06-06T03:06:17.625Z] >>> [apiv2][query] GET https://api.github.com/repos/firebase login --reauth/actions/secrets/public-key type=owner
[debug] [2025-06-06T03:06:17.855Z] <<< [apiv2][status] GET https://api.github.com/repos/firebase login --reauth/actions/secrets/public-key 404
[debug] [2025-06-06T03:06:17.855Z] <<< [apiv2][body] GET https://api.github.com/repos/firebase login --reauth/actions/secrets/public-key {"message":"Not Found","documentation_url":"https://docs.github.com/rest","status":"404"}
[info] 
[info] 
[error] !  The provided authorization cannot be used with this repository. If this repository is in an organization, did you remember to grant access? 
[info] 
[info] i  Action required: Visit this URL to ensure access has been granted to the appropriate organization(s) for the Firebase CLI GitHub OAuth App: 
[info] https://github.com/settings/connections/applications/89cf50f02ac6aaed3484
[info] 
[debug] [2025-06-06T03:10:19.905Z] >>> [apiv2][query] GET https://api.github.com/repos/C:\checkin/actions/secrets/public-key type=owner
[debug] [2025-06-06T03:10:20.222Z] <<< [apiv2][status] GET https://api.github.com/repos/C:\checkin/actions/secrets/public-key 404
[debug] [2025-06-06T03:10:20.222Z] <<< [apiv2][body] GET https://api.github.com/repos/C:\checkin/actions/secrets/public-key {"message":"Not Found","documentation_url":"https://docs.github.com/rest/actions/secrets#get-a-repository-public-key","status":"404"}
[info] 
[info] 
[error] !  The provided authorization cannot be used with this repository. If this repository is in an organization, did you remember to grant access? 
[info] 
[info] i  Action required: Visit this URL to ensure access has been granted to the appropriate organization(s) for the Firebase CLI GitHub OAuth App: 
[info] https://github.com/settings/connections/applications/89cf50f02ac6aaed3484
[info] 
